23:35:58.268 [Daemon worker Thread 7] ERROR o.a.i.p.ModelValidator:77 - org.androidannotations.annotations.EBean annotated element should have a constructor with one parameter max, of type android.content.Context
23:35:58.308 [Daemon worker Thread 7] WARN  o.a.i.p.ModelValidator:88 - Element com.loftschool.moneytracker.backgroundTasks.CheckStatusBackground invalidated by EBeanHandler
22:48:00.852 [Daemon worker] ERROR o.a.i.AndroidAnnotationProcessor:249 - Something went wrong: Unexpected error in AndroidAnnotations 4.1.0!
You should check if there is already an issue about it on https://github.com/excilys/androidannotations/search?q=java.lang.RuntimeException&type=Issues
If none exists, please open a new one with the following content and tell us if you can reproduce it or not. Don't forget to give us as much information as you can (like parts of your code in failure).
Java version: javac 1.8.0_40
Javac processors options: 
Stacktrace: java.lang.RuntimeException: java.lang.reflect.InvocationTargetException
	at org.androidannotations.helper.AnnotationHelper.extractAnnotationParameter(AnnotationHelper.java:352)
	at org.androidannotations.helper.AnnotationHelper.extractAnnotationResIdValueParameter(AnnotationHelper.java:317)
	at org.androidannotations.helper.AnnotationHelper.extractAnnotationResIdValueParameter(AnnotationHelper.java:310)
	at org.androidannotations.helper.IdValidatorHelper.resIdsExist(IdValidatorHelper.java:43)
	at org.androidannotations.internal.core.handler.ViewByIdHandler.validate(ViewByIdHandler.java:62)
	at org.androidannotations.handler.BaseAnnotationHandler.validate(BaseAnnotationHandler.java:65)
	at org.androidannotations.internal.process.ModelValidator.validate(ModelValidator.java:73)
	at org.androidannotations.internal.AndroidAnnotationProcessor.validateAnnotations(AndroidAnnotationProcessor.java:216)
	at org.androidannotations.internal.AndroidAnnotationProcessor.processThrowing(AndroidAnnotationProcessor.java:174)
	at org.androidannotations.internal.AndroidAnnotationProcessor.process(AndroidAnnotationProcessor.java:126)
	at com.sun.tools.javac.processing.JavacProcessingEnvironment.callProcessor(JavacProcessingEnvironment.java:794)
	at com.sun.tools.javac.processing.JavacProcessingEnvironment.discoverAndRunProcs(JavacProcessingEnvironment.java:705)
	at com.sun.tools.javac.processing.JavacProcessingEnvironment.access$1800(JavacProcessingEnvironment.java:91)
	at com.sun.tools.javac.processing.JavacProcessingEnvironment$Round.run(JavacProcessingEnvironment.java:1035)
	at com.sun.tools.javac.processing.JavacProcessingEnvironment.doProcessing(JavacProcessingEnvironment.java:1176)
	at com.sun.tools.javac.main.JavaCompiler.processAnnotations(JavaCompiler.java:1170)
	at com.sun.tools.javac.main.JavaCompiler.compile(JavaCompiler.java:856)
	at com.sun.tools.javac.main.Main.compile(Main.java:523)
	at com.sun.tools.javac.api.JavacTaskImpl.doCall(JavacTaskImpl.java:129)
	at com.sun.tools.javac.api.JavacTaskImpl.call(JavacTaskImpl.java:138)
	at org.gradle.api.internal.tasks.compile.JdkJavaCompiler.execute(JdkJavaCompiler.java:46)
	at org.gradle.api.internal.tasks.compile.JdkJavaCompiler.execute(JdkJavaCompiler.java:33)
	at org.gradle.api.internal.tasks.compile.NormalizingJavaCompiler.delegateAndHandleErrors(NormalizingJavaCompiler.java:104)
	at org.gradle.api.internal.tasks.compile.NormalizingJavaCompiler.execute(NormalizingJavaCompiler.java:53)
	at org.gradle.api.internal.tasks.compile.NormalizingJavaCompiler.execute(NormalizingJavaCompiler.java:38)
	at org.gradle.api.internal.tasks.compile.CleaningJavaCompilerSupport.execute(CleaningJavaCompilerSupport.java:35)
	at org.gradle.api.internal.tasks.compile.CleaningJavaCompilerSupport.execute(CleaningJavaCompilerSupport.java:25)
	at org.gradle.api.tasks.compile.JavaCompile.performCompilation(JavaCompile.java:163)
	at org.gradle.api.tasks.compile.JavaCompile.compile(JavaCompile.java:145)
	at org.gradle.api.tasks.compile.JavaCompile.compile(JavaCompile.java:93)
	at com.android.build.gradle.tasks.factory.AndroidJavaCompile.compile(AndroidJavaCompile.java:49)
	at sun.reflect.NativeMethodAccessorImpl.invoke0(Native Method)
	at sun.reflect.NativeMethodAccessorImpl.invoke(NativeMethodAccessorImpl.java:62)
	at sun.reflect.DelegatingMethodAccessorImpl.invoke(DelegatingMethodAccessorImpl.java:43)
	at java.lang.reflect.Method.invoke(Method.java:497)
	at org.gradle.internal.reflect.JavaMethod.invoke(JavaMethod.java:75)
	at org.gradle.api.internal.project.taskfactory.AnnotationProcessingTaskFactory$IncrementalTaskAction.doExecute(AnnotationProcessingTaskFactory.java:245)
	at org.gradle.api.internal.project.taskfactory.AnnotationProcessingTaskFactory$StandardTaskAction.execute(AnnotationProcessingTaskFactory.java:221)
	at org.gradle.api.internal.project.taskfactory.AnnotationProcessingTaskFactory$IncrementalTaskAction.execute(AnnotationProcessingTaskFactory.java:232)
	at org.gradle.api.internal.project.taskfactory.AnnotationProcessingTaskFactory$StandardTaskAction.execute(AnnotationProcessingTaskFactory.java:210)
	at org.gradle.api.internal.tasks.execution.ExecuteActionsTaskExecuter.executeAction(ExecuteActionsTaskExecuter.java:80)
	at org.gradle.api.internal.tasks.execution.ExecuteActionsTaskExecuter.executeActions(ExecuteActionsTaskExecuter.java:61)
	at org.gradle.api.internal.tasks.execution.ExecuteActionsTaskExecuter.execute(ExecuteActionsTaskExecuter.java:46)
	at org.gradle.api.internal.tasks.execution.PostExecutionAnalysisTaskExecuter.execute(PostExecutionAnalysisTaskExecuter.java:35)
	at org.gradle.api.internal.tasks.execution.SkipUpToDateTaskExecuter.execute(SkipUpToDateTaskExecuter.java:66)
	at org.gradle.api.internal.tasks.execution.ValidatingTaskExecuter.execute(ValidatingTaskExecuter.java:58)
	at org.gradle.api.internal.tasks.execution.SkipEmptySourceFilesTaskExecuter.execute(SkipEmptySourceFilesTaskExecuter.java:52)
	at org.gradle.api.internal.tasks.execution.SkipTaskWithNoActionsExecuter.execute(SkipTaskWithNoActionsExecuter.java:52)
	at org.gradle.api.internal.tasks.execution.SkipOnlyIfTaskExecuter.execute(SkipOnlyIfTaskExecuter.java:53)
	at org.gradle.api.internal.tasks.execution.ExecuteAtMostOnceTaskExecuter.execute(ExecuteAtMostOnceTaskExecuter.java:43)
	at org.gradle.execution.taskgraph.DefaultTaskGraphExecuter$EventFiringTaskWorker.execute(DefaultTaskGraphExecuter.java:203)
	at org.gradle.execution.taskgraph.DefaultTaskGraphExecuter$EventFiringTaskWorker.execute(DefaultTaskGraphExecuter.java:185)
	at org.gradle.execution.taskgraph.AbstractTaskPlanExecutor$TaskExecutorWorker.processTask(AbstractTaskPlanExecutor.java:66)
	at org.gradle.execution.taskgraph.AbstractTaskPlanExecutor$TaskExecutorWorker.run(AbstractTaskPlanExecutor.java:50)
	at org.gradle.execution.taskgraph.DefaultTaskPlanExecutor.process(DefaultTaskPlanExecutor.java:25)
	at org.gradle.execution.taskgraph.DefaultTaskGraphExecuter.execute(DefaultTaskGraphExecuter.java:110)
	at org.gradle.execution.SelectedTaskExecutionAction.execute(SelectedTaskExecutionAction.java:37)
	at org.gradle.execution.DefaultBuildExecuter.execute(DefaultBuildExecuter.java:37)
	at org.gradle.execution.DefaultBuildExecuter.access$000(DefaultBuildExecuter.java:23)
	at org.gradle.execution.DefaultBuildExecuter$1.proceed(DefaultBuildExecuter.java:43)
	at org.gradle.execution.DryRunBuildExecutionAction.execute(DryRunBuildExecutionAction.java:32)
	at org.gradle.execution.DefaultBuildExecuter.execute(DefaultBuildExecuter.java:37)
	at org.gradle.execution.DefaultBuildExecuter.execute(DefaultBuildExecuter.java:30)
	at org.gradle.initialization.DefaultGradleLauncher$4.run(DefaultGradleLauncher.java:153)
	at org.gradle.internal.Factories$1.create(Factories.java:22)
	at org.gradle.internal.progress.DefaultBuildOperationExecutor.run(DefaultBuildOperationExecutor.java:91)
	at org.gradle.internal.progress.DefaultBuildOperationExecutor.run(DefaultBuildOperationExecutor.java:53)
	at org.gradle.initialization.DefaultGradleLauncher.doBuildStages(DefaultGradleLauncher.java:150)
	at org.gradle.initialization.DefaultGradleLauncher.access$200(DefaultGradleLauncher.java:32)
	at org.gradle.initialization.DefaultGradleLauncher$1.create(DefaultGradleLauncher.java:98)
	at org.gradle.initialization.DefaultGradleLauncher$1.create(DefaultGradleLauncher.java:92)
	at org.gradle.internal.progress.DefaultBuildOperationExecutor.run(DefaultBuildOperationExecutor.java:91)
	at org.gradle.internal.progress.DefaultBuildOperationExecutor.run(DefaultBuildOperationExecutor.java:63)
	at org.gradle.initialization.DefaultGradleLauncher.doBuild(DefaultGradleLauncher.java:92)
	at org.gradle.initialization.DefaultGradleLauncher.run(DefaultGradleLauncher.java:83)
	at org.gradle.launcher.exec.InProcessBuildActionExecuter$DefaultBuildController.run(InProcessBuildActionExecuter.java:99)
	at org.gradle.tooling.internal.provider.runner.BuildModelActionRunner.run(BuildModelActionRunner.java:46)
	at org.gradle.launcher.exec.ChainingBuildActionRunner.run(ChainingBuildActionRunner.java:35)
	at org.gradle.tooling.internal.provider.runner.SubscribableBuildActionRunner.run(SubscribableBuildActionRunner.java:58)
	at org.gradle.launcher.exec.ChainingBuildActionRunner.run(ChainingBuildActionRunner.java:35)
	at org.gradle.launcher.exec.InProcessBuildActionExecuter.execute(InProcessBuildActionExecuter.java:48)
	at org.gradle.launcher.exec.InProcessBuildActionExecuter.execute(InProcessBuildActionExecuter.java:30)
	at org.gradle.launcher.exec.ContinuousBuildActionExecuter.execute(ContinuousBuildActionExecuter.java:81)
	at org.gradle.launcher.exec.ContinuousBuildActionExecuter.execute(ContinuousBuildActionExecuter.java:46)
	at org.gradle.launcher.daemon.server.exec.ExecuteBuild.doBuild(ExecuteBuild.java:52)
	at org.gradle.launcher.daemon.server.exec.BuildCommandOnly.execute(BuildCommandOnly.java:36)
	at org.gradle.launcher.daemon.server.api.DaemonCommandExecution.proceed(DaemonCommandExecution.java:120)
	at org.gradle.launcher.daemon.server.exec.WatchForDisconnection.execute(WatchForDisconnection.java:37)
	at org.gradle.launcher.daemon.server.api.DaemonCommandExecution.proceed(DaemonCommandExecution.java:120)
	at org.gradle.launcher.daemon.server.exec.ResetDeprecationLogger.execute(ResetDeprecationLogger.java:26)
	at org.gradle.launcher.daemon.server.api.DaemonCommandExecution.proceed(DaemonCommandExecution.java:120)
	at org.gradle.launcher.daemon.server.exec.RequestStopIfSingleUsedDaemon.execute(RequestStopIfSingleUsedDaemon.java:34)
	at org.gradle.launcher.daemon.server.api.DaemonCommandExecution.proceed(DaemonCommandExecution.java:120)
	at org.gradle.launcher.daemon.server.exec.ForwardClientInput$2.call(ForwardClientInput.java:74)
	at org.gradle.launcher.daemon.server.exec.ForwardClientInput$2.call(ForwardClientInput.java:72)
	at org.gradle.util.Swapper.swap(Swapper.java:38)
	at org.gradle.launcher.daemon.server.exec.ForwardClientInput.execute(ForwardClientInput.java:72)
	at org.gradle.launcher.daemon.server.api.DaemonCommandExecution.proceed(DaemonCommandExecution.java:120)
	at org.gradle.launcher.daemon.server.health.DaemonHealthTracker.execute(DaemonHealthTracker.java:47)
	at org.gradle.launcher.daemon.server.api.DaemonCommandExecution.proceed(DaemonCommandExecution.java:120)
	at org.gradle.launcher.daemon.server.exec.LogToClient.doBuild(LogToClient.java:60)
	at org.gradle.launcher.daemon.server.exec.BuildCommandOnly.execute(BuildCommandOnly.java:36)
	at org.gradle.launcher.daemon.server.api.DaemonCommandExecution.proceed(DaemonCommandExecution.java:120)
	at org.gradle.launcher.daemon.server.exec.EstablishBuildEnvironment.doBuild(EstablishBuildEnvironment.java:72)
	at org.gradle.launcher.daemon.server.exec.BuildCommandOnly.execute(BuildCommandOnly.java:36)
	at org.gradle.launcher.daemon.server.api.DaemonCommandExecution.proceed(DaemonCommandExecution.java:120)
	at org.gradle.launcher.daemon.server.health.HintGCAfterBuild.execute(HintGCAfterBuild.java:41)
	at org.gradle.launcher.daemon.server.api.DaemonCommandExecution.proceed(DaemonCommandExecution.java:120)
	at org.gradle.launcher.daemon.server.exec.StartBuildOrRespondWithBusy$1.run(StartBuildOrRespondWithBusy.java:50)
	at org.gradle.launcher.daemon.server.DaemonStateCoordinator$1.run(DaemonStateCoordinator.java:237)
	at org.gradle.internal.concurrent.ExecutorPolicy$CatchAndRecordFailures.onExecute(ExecutorPolicy.java:54)
	at org.gradle.internal.concurrent.StoppableExecutorImpl$1.run(StoppableExecutorImpl.java:40)
	at java.util.concurrent.ThreadPoolExecutor.runWorker(ThreadPoolExecutor.java:1142)
	at java.util.concurrent.ThreadPoolExecutor$Worker.run(ThreadPoolExecutor.java:617)
	at java.lang.Thread.run(Thread.java:745)
Caused by: java.lang.reflect.InvocationTargetException
	at sun.reflect.NativeMethodAccessorImpl.invoke0(Native Method)
	at sun.reflect.NativeMethodAccessorImpl.invoke(NativeMethodAccessorImpl.java:62)
	at sun.reflect.DelegatingMethodAccessorImpl.invoke(DelegatingMethodAccessorImpl.java:43)
	at java.lang.reflect.Method.invoke(Method.java:497)
	at org.androidannotations.helper.AnnotationHelper.extractAnnotationParameter(AnnotationHelper.java:346)
	... 114 more
Caused by: java.lang.annotation.AnnotationTypeMismatchException: Incorrectly typed data found for annotation element public abstract int org.androidannotations.annotations.ViewById.value() (Found data of type <any>)
	at com.sun.tools.javac.model.AnnotationProxyMaker$ValueVisitor$1AnnotationTypeMismatchExceptionProxy.generateException(AnnotationProxyMaker.java:269)
	at sun.reflect.annotation.AnnotationInvocationHandler.invoke(AnnotationInvocationHandler.java:83)
	at com.sun.proxy.$Proxy80.value(Unknown Source)
	... 119 more

